<?xml version="1.0" encoding="UTF-8"?>
<!-- Generated by org.testng.reporters.JUnitReportReporter -->
<testsuite hostname="LAPTOP-BD99UQ0K" failures="0" tests="8" name="com.util.RestAssuredClass" time="12.528" errors="0" timestamp="2022-04-20T17:31:57 IST" skipped="0">
  <testcase classname="com.util.RestAssuredClass" name="firstRestMethod" time="0.156"/>
  <system-out/>
  <testcase classname="com.util.RestAssuredClass" name="DeeletedataRestMethod" time="3.738"/>
  <system-out/>
  <testcase classname="com.util.RestAssuredClass" name="thridRestMethod" time="0.204"/>
  <system-out/>
  <testcase classname="com.util.RestAssuredClass" name="secondRestMethod" time="0.185"/>
  <system-out/>
  <testcase classname="com.util.RestAssuredClass" name="SerializationMethod" time="0.601"/>
  <system-out/>
  <testcase classname="com.util.RestAssuredClass" name="SerializationMethod2" time="0.421"/>
  <system-out/>
  <testcase classname="com.util.RestAssuredClass" name="PostmethodApiChaining" time="5.492"/>
  <system-out/>
  <testcase classname="com.util.RestAssuredClass" name="PutmethodRestMethod" time="1.731"/>
  <system-out/>
</testsuite> <!-- com.util.RestAssuredClass -->
