<?xml version="1.0" encoding="UTF-8"?>
<!-- Generated by org.testng.reporters.JUnitReportReporter -->
<testsuite hostname="LAPTOP-BD99UQ0K" failures="0" tests="1" name="com.runner.RunnerClass" time="13.002" errors="0" timestamp="2022-04-07T17:36:37 IST" skipped="0">
  <testcase classname="com.runner.RunnerClass" name="runScenario" time="13.002"/>
  <system-out/>
</testsuite> <!-- com.runner.RunnerClass -->
